\BOOKMARK [1][-]{section*.2}{Methods}{}% 1
\BOOKMARK [2][-]{section*.3}{Samples}{section*.2}% 2
\BOOKMARK [2][-]{section*.4}{Procedure}{section*.2}% 3
\BOOKMARK [2][-]{section*.5}{Experience sampling items}{section*.2}% 4
\BOOKMARK [3][-]{section*.6}{State motivation}{section*.5}% 5
\BOOKMARK [3][-]{section*.7}{State relationship satisfaction}{section*.5}% 6
\BOOKMARK [2][-]{section*.10}{Statistical procedure}{section*.2}% 7
\BOOKMARK [3][-]{section*.11}{Variance decomposition}{section*.10}% 8
\BOOKMARK [3][-]{section*.14}{Data preprocessing}{section*.10}% 9
\BOOKMARK [3][-]{section*.15}{Reliability estimation}{section*.10}% 10
\BOOKMARK [3][-]{section*.16}{Scale intercorrelation at three levels of aggregation.}{section*.10}% 11
\BOOKMARK [1][-]{section*.17}{Results}{}% 12
\BOOKMARK [2][-]{section*.18}{Variance decomposition}{section*.17}% 13
\BOOKMARK [2][-]{section*.25}{Reliability estimation}{section*.17}% 14
\BOOKMARK [2][-]{section*.28}{Scale correlations on several levels}{section*.17}% 15
\BOOKMARK [1][-]{section*.31}{Discussion}{}% 16
\BOOKMARK [2][-]{section*.32}{Variance decomposition and reliability estimation}{section*.31}% 17
\BOOKMARK [2][-]{section*.33}{Validity: Scale intercorrelations}{section*.31}% 18
\BOOKMARK [2][-]{section*.34}{Implications for Future Research}{section*.31}% 19
\BOOKMARK [2][-]{section*.35}{Limitations}{section*.31}% 20
\BOOKMARK [2][-]{section*.36}{Conclusions}{section*.31}% 21
\BOOKMARK [1][-]{section*.37}{Open Practices Statement}{}% 22
